[debug] [2022-01-31T01:54:06.168Z] ----------------------------------------------------------------------
[debug] [2022-01-31T01:54:06.173Z] Command:       C:\Program Files\nodejs\node.exe C:\Users\Sabir\AppData\Roaming\npm\node_modules\firebase-tools\lib\bin\firebase.js init
[debug] [2022-01-31T01:54:06.174Z] CLI Version:   9.10.0
[debug] [2022-01-31T01:54:06.174Z] Platform:      win32
[debug] [2022-01-31T01:54:06.175Z] Node Version:  v16.13.0
[debug] [2022-01-31T01:54:06.187Z] Time:          Mon Jan 31 2022 03:54:06 GMT+0200 (Eastern European Standard Time)
[debug] [2022-01-31T01:54:06.187Z] ----------------------------------------------------------------------
[debug] 
[debug] [2022-01-31T01:54:06.191Z] >>> [apiv2][query] GET https://firebase-public.firebaseio.com/cli.json [none]
[debug] [2022-01-31T01:54:06.225Z] > command requires scopes: ["email","openid","https://www.googleapis.com/auth/cloudplatformprojects.readonly","https://www.googleapis.com/auth/firebase","https://www.googleapis.com/auth/cloud-platform"]
[debug] [2022-01-31T01:54:06.226Z] > authorizing via signed-in user (smaa.freelancer@gmail.com)
[info] 
     ######## #### ########  ######## ########     ###     ######  ########
     ##        ##  ##     ## ##       ##     ##  ##   ##  ##       ##
     ######    ##  ########  ######   ########  #########  ######  ######
     ##        ##  ##    ##  ##       ##     ## ##     ##       ## ##
     ##       #### ##     ## ######## ########  ##     ##  ######  ########

You're about to initialize a Firebase project in this directory:

  C:\webDevelopment\Solita-Task\Client\farm-frontend

Before we get started, keep in mind:

  * You are currently outside your home directory

[debug] [2022-01-31T01:54:06.682Z] <<< [apiv2][status] GET https://firebase-public.firebaseio.com/cli.json 200
[debug] [2022-01-31T01:54:06.682Z] <<< [apiv2][body] GET https://firebase-public.firebaseio.com/cli.json {"cloudBuildErrorAfter":1594252800000,"cloudBuildWarnAfter":1590019200000,"defaultNode10After":1594252800000,"minVersion":"3.0.5","node8DeploysDisabledAfter":1613390400000,"node8RuntimeDisabledAfter":1615809600000,"node8WarnAfter":1600128000000}
[debug] [2022-01-31T01:55:09.138Z] ----------------------------------------------------------------------
[debug] [2022-01-31T01:55:09.140Z] Command:       C:\Program Files\nodejs\node.exe C:\Users\Sabir\AppData\Roaming\npm\node_modules\firebase-tools\lib\bin\firebase.js init
[debug] [2022-01-31T01:55:09.141Z] CLI Version:   9.10.0
[debug] [2022-01-31T01:55:09.141Z] Platform:      win32
[debug] [2022-01-31T01:55:09.141Z] Node Version:  v16.13.0
[debug] [2022-01-31T01:55:09.143Z] Time:          Mon Jan 31 2022 03:55:09 GMT+0200 (Eastern European Standard Time)
[debug] [2022-01-31T01:55:09.143Z] ----------------------------------------------------------------------
[debug] 
[debug] [2022-01-31T01:55:09.152Z] > command requires scopes: ["email","openid","https://www.googleapis.com/auth/cloudplatformprojects.readonly","https://www.googleapis.com/auth/firebase","https://www.googleapis.com/auth/cloud-platform"]
[debug] [2022-01-31T01:55:09.152Z] > authorizing via signed-in user (smaa.freelancer@gmail.com)
[info] 
     ######## #### ########  ######## ########     ###     ######  ########
     ##        ##  ##     ## ##       ##     ##  ##   ##  ##       ##
     ######    ##  ########  ######   ########  #########  ######  ######
     ##        ##  ##    ##  ##       ##     ## ##     ##       ## ##
     ##       #### ##     ## ######## ########  ##     ##  ######  ########

You're about to initialize a Firebase project in this directory:

  C:\webDevelopment\Solita-Task\Client\farm-frontend

Before we get started, keep in mind:

  * You are currently outside your home directory

